<?xml version="1.0" encoding="UTF-8"?>
<testng-results ignored="0" total="1" passed="1" failed="0" skipped="0">
  <reporter-output>
  </reporter-output>
  <suite started-at="2023-10-05T15:11:23Z" name="Suite" finished-at="2023-10-05T15:11:41Z" duration-ms="17906">
    <groups>
      <group name="cucumber">
        <method signature="AbstractTestNGCucumberTests.runScenario(io.cucumber.testng.PickleWrapper, io.cucumber.testng.FeatureWrapper)[pri:0, instance:runner.RunProject@292d1c71]" name="runScenario" class="io.cucumber.testng.AbstractTestNGCucumberTests"/>
      </group> <!-- cucumber -->
    </groups>
    <test started-at="2023-10-05T15:11:23Z" name="Test" finished-at="2023-10-05T15:11:41Z" duration-ms="17906">
      <class name="runner.RunProject">
        <test-method is-config="true" signature="setUpClass(org.testng.ITestContext)[pri:0, instance:runner.RunProject@292d1c71]" started-at="2023-10-05T15:11:23Z" name="setUpClass" finished-at="2023-10-05T15:11:23Z" duration-ms="527" status="PASS">
          <params>
            <param index="0">
              <value>
                <![CDATA[org.testng.TestRunner@54defd69]]>
              </value>
            </param>
          </params>
          <reporter-output>
          </reporter-output>
        </test-method> <!-- setUpClass -->
        <test-method signature="runScenario(io.cucumber.testng.PickleWrapper, io.cucumber.testng.FeatureWrapper)[pri:0, instance:runner.RunProject@292d1c71]" started-at="2023-10-05T15:11:23Z" name="runScenario" description="Runs Cucumber Scenarios" data-provider="scenarios" finished-at="2023-10-05T15:11:40Z" duration-ms="16751" status="PASS">
          <params>
            <param index="0">
              <value>
                <![CDATA["Enter the data into the given fields"]]>
              </value>
            </param>
            <param index="1">
              <value>
                <![CDATA["Checkout the textbox form functionality"]]>
              </value>
            </param>
          </params>
          <reporter-output>
          </reporter-output>
        </test-method> <!-- runScenario -->
        <test-method is-config="true" signature="tearDownClass()[pri:0, instance:runner.RunProject@292d1c71]" started-at="2023-10-05T15:11:40Z" name="tearDownClass" finished-at="2023-10-05T15:11:41Z" duration-ms="445" status="PASS">
          <reporter-output>
          </reporter-output>
        </test-method> <!-- tearDownClass -->
      </class> <!-- runner.RunProject -->
    </test> <!-- Test -->
  </suite> <!-- Suite -->
</testng-results>
