<?xml version="1.0" encoding="UTF-8"?>
<testng-results ignored="0" total="1" passed="1" failed="0" skipped="0">
  <reporter-output>
  </reporter-output>
  <suite started-at="2023-10-25T04:56:08Z" name="Default suite" finished-at="2023-10-25T04:56:23Z" duration-ms="15352">
    <groups>
      <group name="cucumber">
        <method signature="AbstractTestNGCucumberTests.runScenario(io.cucumber.testng.PickleWrapper, io.cucumber.testng.FeatureWrapper)[pri:0, instance:runner.RunProject@51850751]" name="runScenario" class="io.cucumber.testng.AbstractTestNGCucumberTests"/>
      </group> <!-- cucumber -->
    </groups>
    <test started-at="2023-10-25T04:56:08Z" name="Default test" finished-at="2023-10-25T04:56:23Z" duration-ms="15352">
      <class name="runner.RunProject">
        <test-method is-config="true" signature="setUpClass(org.testng.ITestContext)[pri:0, instance:runner.RunProject@51850751]" started-at="2023-10-25T04:56:08Z" name="setUpClass" finished-at="2023-10-25T04:56:08Z" duration-ms="436" status="PASS">
          <params>
            <param index="0">
              <value>
                <![CDATA[org.testng.TestRunner@11e24688]]>
              </value>
            </param>
          </params>
          <reporter-output>
          </reporter-output>
        </test-method> <!-- setUpClass -->
        <test-method signature="runScenario(io.cucumber.testng.PickleWrapper, io.cucumber.testng.FeatureWrapper)[pri:0, instance:runner.RunProject@51850751]" started-at="2023-10-25T04:56:08Z" name="runScenario" description="Runs Cucumber Scenarios" data-provider="scenarios" finished-at="2023-10-25T04:56:22Z" duration-ms="13927" status="PASS">
          <params>
            <param index="0">
              <value>
                <![CDATA["Verify Diff. Alerts"]]>
              </value>
            </param>
            <param index="1">
              <value>
                <![CDATA["Verify Diff. Alerts"]]>
              </value>
            </param>
          </params>
          <reporter-output>
          </reporter-output>
        </test-method> <!-- runScenario -->
        <test-method is-config="true" signature="tearDownClass()[pri:0, instance:runner.RunProject@51850751]" started-at="2023-10-25T04:56:22Z" name="tearDownClass" finished-at="2023-10-25T04:56:23Z" duration-ms="897" status="PASS">
          <reporter-output>
          </reporter-output>
        </test-method> <!-- tearDownClass -->
      </class> <!-- runner.RunProject -->
    </test> <!-- Default test -->
  </suite> <!-- Default suite -->
</testng-results>
